<?xml version="1.0" encoding="UTF-8"?>
<!-- Generated by org.testng.reporters.JUnitXMLReporter -->
<testsuite ignored="0" hostname="LAPTOP-Q5G0TISP" failures="0" tests="5" name="Test" time="66.416" errors="0" timestamp="2025-01-31T18:50:36 IST">
  <testcase classname="testcases.TestFour" name="testfour" time="10.322"/>
  <testcase classname="testcases.LoginTest" name="login" time="11.177"/>
  <testcase classname="testcases.LoginTest" name="login" time="9.486"/>
  <testcase classname="testcases.TestThree" name="testhree" time="9.237"/>
  <testcase classname="testcases.TestTwo" name="testtwo" time="9.244"/>
</testsuite> <!-- Test -->
